{"total": {"lines":{"total":415,"covered":318,"skipped":0,"pct":76.62},"statements":{"total":425,"covered":323,"skipped":0,"pct":76},"functions":{"total":109,"covered":84,"skipped":0,"pct":77.06},"branches":{"total":230,"covered":147,"skipped":0,"pct":63.91},"branchesTrue":{"total":0,"covered":0,"skipped":0,"pct":100}}
,"/home/ryjen/Projects/micrantha/amaryllis/src/Amaryllis.ts": {"lines":{"total":55,"covered":46,"skipped":0,"pct":83.63},"functions":{"total":12,"covered":11,"skipped":0,"pct":91.66},"statements":{"total":55,"covered":46,"skipped":0,"pct":83.63},"branches":{"total":14,"covered":10,"skipped":0,"pct":71.42}}
,"/home/ryjen/Projects/micrantha/amaryllis/src/AmaryllisContext.tsx": {"lines":{"total":26,"covered":19,"skipped":0,"pct":73.07},"functions":{"total":6,"covered":6,"skipped":0,"pct":100},"statements":{"total":28,"covered":20,"skipped":0,"pct":71.42},"branches":{"total":12,"covered":2,"skipped":0,"pct":16.66}}
,"/home/ryjen/Projects/micrantha/amaryllis/src/AmaryllisHooks.tsx": {"lines":{"total":82,"covered":65,"skipped":0,"pct":79.26},"functions":{"total":23,"covered":16,"skipped":0,"pct":69.56},"statements":{"total":83,"covered":66,"skipped":0,"pct":79.51},"branches":{"total":28,"covered":16,"skipped":0,"pct":57.14}}
,"/home/ryjen/Projects/micrantha/amaryllis/src/AmaryllisRx.ts": {"lines":{"total":13,"covered":13,"skipped":0,"pct":100},"functions":{"total":4,"covered":4,"skipped":0,"pct":100},"statements":{"total":13,"covered":13,"skipped":0,"pct":100},"branches":{"total":4,"covered":4,"skipped":0,"pct":100}}
,"/home/ryjen/Projects/micrantha/amaryllis/src/ContextEngine.ts": {"lines":{"total":50,"covered":22,"skipped":0,"pct":44},"functions":{"total":20,"covered":8,"skipped":0,"pct":40},"statements":{"total":54,"covered":24,"skipped":0,"pct":44.44},"branches":{"total":26,"covered":9,"skipped":0,"pct":34.61}}
,"/home/ryjen/Projects/micrantha/amaryllis/src/ContextEngineContext.tsx": {"lines":{"total":5,"covered":5,"skipped":0,"pct":100},"functions":{"total":2,"covered":2,"skipped":0,"pct":100},"statements":{"total":5,"covered":5,"skipped":0,"pct":100},"branches":{"total":0,"covered":0,"skipped":0,"pct":100}}
,"/home/ryjen/Projects/micrantha/amaryllis/src/ContextPolicies.ts": {"lines":{"total":32,"covered":30,"skipped":0,"pct":93.75},"functions":{"total":7,"covered":7,"skipped":0,"pct":100},"statements":{"total":32,"covered":30,"skipped":0,"pct":93.75},"branches":{"total":14,"covered":12,"skipped":0,"pct":85.71}}
,"/home/ryjen/Projects/micrantha/amaryllis/src/ContextValidation.ts": {"lines":{"total":118,"covered":89,"skipped":0,"pct":75.42},"functions":{"total":14,"covered":13,"skipped":0,"pct":92.85},"statements":{"total":119,"covered":90,"skipped":0,"pct":75.63},"branches":{"total":127,"covered":92,"skipped":0,"pct":72.44}}
,"/home/ryjen/Projects/micrantha/amaryllis/src/Errors.ts": {"lines":{"total":14,"covered":14,"skipped":0,"pct":100},"functions":{"total":8,"covered":8,"skipped":0,"pct":100},"statements":{"total":14,"covered":14,"skipped":0,"pct":100},"branches":{"total":1,"covered":1,"skipped":0,"pct":100}}
,"/home/ryjen/Projects/micrantha/amaryllis/src/TypeConverters.ts": {"lines":{"total":8,"covered":4,"skipped":0,"pct":50},"functions":{"total":6,"covered":3,"skipped":0,"pct":50},"statements":{"total":10,"covered":4,"skipped":0,"pct":40},"branches":{"total":4,"covered":1,"skipped":0,"pct":25}}
,"/home/ryjen/Projects/micrantha/amaryllis/src/__tests__/test-utils.tsx": {"lines":{"total":12,"covered":11,"skipped":0,"pct":91.66},"functions":{"total":7,"covered":6,"skipped":0,"pct":85.71},"statements":{"total":12,"covered":11,"skipped":0,"pct":91.66},"branches":{"total":0,"covered":0,"skipped":0,"pct":100}}
}
